<?xml version="1.0" encoding="UTF-8"?>
<!-- Generated by org.testng.reporters.JUnitXMLReporter -->
<testsuite hostname="LAPTOP-UIFB6OJH" ignored="1" name="Default test" tests="1" failures="0" timestamp="2021-05-24T13:54:14 PDT" time="44.306" errors="0">
  <testcase name="BulkUploadFile" time="10.599" classname="TestCases.InvoicePagetest_002"/>
  <testcase name="ClickAddInvoice" time="0.0" classname="TestCases.InvoicePagetest_002">
    <ignored/>
  </testcase> <!-- ClickAddInvoice -->
</testsuite> <!-- Default test -->
