<?xml version="1.0" encoding="UTF-8" ?>
<testsuite tests="6" failures="1" name="TestCases.LoginPageTest" time="0.646" errors="0" skipped="5">
  <properties>
[...]
</properties>
  <testcase classname="TestCases.LoginPageTest" name="setUp" time="0.645">
    <failure message="The driver executable does not exist: C:\Users\Swapna\eclipse-workspace\TrackpayoutTestingC:\Users\Swapna\eclipse-workspace\TrackpayoutTesting\src\main\resources\chromedriver.exe" type="java.lang.IllegalStateException">java.lang.IllegalStateException: The driver executable does not exist: C:\Users\Swapna\eclipse-workspace\TrackpayoutTestingC:\Users\Swapna\eclipse-workspace\TrackpayoutTesting\src\main\resources\chromedriver.exe
	at com.google.common.base.Preconditions.checkState(Preconditions.java:585)
	at org.openqa.selenium.remote.service.DriverService.checkExecutable(DriverService.java:146)
	at org.openqa.selenium.remote.service.DriverService.findExecutable(DriverService.java:141)
	at org.openqa.selenium.chrome.ChromeDriverService.access$000(ChromeDriverService.java:35)
	at org.openqa.selenium.chrome.ChromeDriverService$Builder.findDefaultExecutable(ChromeDriverService.java:159)
	at org.openqa.selenium.remote.service.DriverService$Builder.build(DriverService.java:355)
	at org.openqa.selenium.chrome.ChromeDriverService.createDefaultService(ChromeDriverService.java:94)
	at org.openqa.selenium.chrome.ChromeDriver.&lt;init&gt;(ChromeDriver.java:123)
	at SetUp.TestSetUp.initialization(TestSetUp.java:34)
	at TestCases.LoginPageTest.setUp(LoginPageTest.java:22)
</failure>
    <system-out>Configuring TestNG with: org.apache.maven.surefire.testng.conf.TestNG652Configurator@68f7aae2
</system-out>
  </testcase>
  <testcase classname="TestCases.LoginPageTest" name="invalidLoginTest" time="0">
    <skipped/>
  </testcase>
  <testcase classname="TestCases.LoginPageTest" name="tearDown" time="0">
    <skipped/>
  </testcase>
  <testcase classname="TestCases.LoginPageTest" name="setUp" time="0.001">
    <skipped/>
  </testcase>
  <testcase classname="TestCases.LoginPageTest" name="loginTest" time="0">
    <skipped/>
  </testcase>
  <testcase classname="TestCases.LoginPageTest" name="tearDown" time="0">
    <skipped/>
  </testcase>
</testsuite>