<?xml version="1.0" encoding="UTF-8"?>
<testng-results skipped="0" failed="0" ignored="1" total="2" passed="1">
  <reporter-output>
  </reporter-output>
  <suite name="Default suite" duration-ms="44306" started-at="2021-05-24T13:53:30 PDT" finished-at="2021-05-24T13:54:14 PDT">
    <groups>
    </groups>
    <test name="Default test" duration-ms="44306" started-at="2021-05-24T13:53:30 PDT" finished-at="2021-05-24T13:54:14 PDT">
      <class name="TestCases.InvoicePagetest_002">
        <test-method status="PASS" signature="setUp()[pri:0, instance:TestCases.InvoicePagetest_002@536aaa8d]" name="setUp" is-config="true" duration-ms="32878" started-at="2021-05-24T13:53:30 PDT" finished-at="2021-05-24T13:54:03 PDT">
          <reporter-output>
          </reporter-output>
        </test-method> <!-- setUp -->
        <test-method status="PASS" signature="BulkUploadFile()[pri:0, instance:TestCases.InvoicePagetest_002@536aaa8d]" name="BulkUploadFile" duration-ms="10599" started-at="2021-05-24T13:54:03 PDT" finished-at="2021-05-24T13:54:14 PDT">
          <reporter-output>
          </reporter-output>
        </test-method> <!-- BulkUploadFile -->
        <test-method status="PASS" signature="tearDown()[pri:0, instance:TestCases.InvoicePagetest_002@536aaa8d]" name="tearDown" is-config="true" duration-ms="787" started-at="2021-05-24T13:54:14 PDT" finished-at="2021-05-24T13:54:14 PDT">
          <reporter-output>
          </reporter-output>
        </test-method> <!-- tearDown -->
      </class> <!-- TestCases.InvoicePagetest_002 -->
    </test> <!-- Default test -->
  </suite> <!-- Default suite -->
</testng-results>
